[    1067ms] [WARNING] <meta name="apple-mobile-web-app-capable" content="yes"> is deprecated. Please include <meta name="mobile-web-app-capable" content="yes"> @ https://theblueboard.co/:0
[    4820ms] [WARNING] The resource https://a.basemaps.cartocdn.com/dark_all/4/3/5.png was preloaded using link preload but not used within a few seconds from the window's load event. Please make sure it has an appropriate `as` value and it is preloaded intentionally. @ https://theblueboard.co/:0
[   33473ms] [WARNING] The resource https://a.basemaps.cartocdn.com/dark_all/4/3/5.png was preloaded using link preload but not used within a few seconds from the window's load event. Please make sure it has an appropriate `as` value and it is preloaded intentionally. @ https://theblueboard.co/:0
[   63468ms] [WARNING] The resource https://a.basemaps.cartocdn.com/dark_all/4/3/5.png was preloaded using link preload but not used within a few seconds from the window's load event. Please make sure it has an appropriate `as` value and it is preloaded intentionally. @ https://theblueboard.co/:0
[   89467ms] [WARNING] The resource https://a.basemaps.cartocdn.com/dark_all/4/3/5.png was preloaded using link preload but not used within a few seconds from the window's load event. Please make sure it has an appropriate `as` value and it is preloaded intentionally. @ https://theblueboard.co/#weather:0
[   93457ms] [WARNING] The resource https://a.basemaps.cartocdn.com/dark_all/4/3/5.png was preloaded using link preload but not used within a few seconds from the window's load event. Please make sure it has an appropriate `as` value and it is preloaded intentionally. @ https://theblueboard.co/#weather:0
[  123470ms] [WARNING] The resource https://a.basemaps.cartocdn.com/dark_all/4/3/5.png was preloaded using link preload but not used within a few seconds from the window's load event. Please make sure it has an appropriate `as` value and it is preloaded intentionally. @ https://theblueboard.co/#weather:0
[  153462ms] [WARNING] The resource https://a.basemaps.cartocdn.com/dark_all/4/3/5.png was preloaded using link preload but not used within a few seconds from the window's load event. Please make sure it has an appropriate `as` value and it is preloaded intentionally. @ https://theblueboard.co/#weather:0
[  183460ms] [WARNING] The resource https://a.basemaps.cartocdn.com/dark_all/4/3/5.png was preloaded using link preload but not used within a few seconds from the window's load event. Please make sure it has an appropriate `as` value and it is preloaded intentionally. @ https://theblueboard.co/#weather:0
[  213464ms] [WARNING] The resource https://a.basemaps.cartocdn.com/dark_all/4/3/5.png was preloaded using link preload but not used within a few seconds from the window's load event. Please make sure it has an appropriate `as` value and it is preloaded intentionally. @ https://theblueboard.co/#weather:0
[  243469ms] [WARNING] The resource https://a.basemaps.cartocdn.com/dark_all/4/3/5.png was preloaded using link preload but not used within a few seconds from the window's load event. Please make sure it has an appropriate `as` value and it is preloaded intentionally. @ https://theblueboard.co/#weather:0
[  273462ms] [WARNING] The resource https://a.basemaps.cartocdn.com/dark_all/4/3/5.png was preloaded using link preload but not used within a few seconds from the window's load event. Please make sure it has an appropriate `as` value and it is preloaded intentionally. @ https://theblueboard.co/#weather:0
[  303471ms] [WARNING] The resource https://a.basemaps.cartocdn.com/dark_all/4/3/5.png was preloaded using link preload but not used within a few seconds from the window's load event. Please make sure it has an appropriate `as` value and it is preloaded intentionally. @ https://theblueboard.co/#weather:0
[  333476ms] [WARNING] The resource https://a.basemaps.cartocdn.com/dark_all/4/3/5.png was preloaded using link preload but not used within a few seconds from the window's load event. Please make sure it has an appropriate `as` value and it is preloaded intentionally. @ https://theblueboard.co/#weather:0
[  363473ms] [WARNING] The resource https://a.basemaps.cartocdn.com/dark_all/4/3/5.png was preloaded using link preload but not used within a few seconds from the window's load event. Please make sure it has an appropriate `as` value and it is preloaded intentionally. @ https://theblueboard.co/#weather:0
[  393490ms] [WARNING] The resource https://a.basemaps.cartocdn.com/dark_all/4/3/5.png was preloaded using link preload but not used within a few seconds from the window's load event. Please make sure it has an appropriate `as` value and it is preloaded intentionally. @ https://theblueboard.co/#weather:0
[  423470ms] [WARNING] The resource https://a.basemaps.cartocdn.com/dark_all/4/3/5.png was preloaded using link preload but not used within a few seconds from the window's load event. Please make sure it has an appropriate `as` value and it is preloaded intentionally. @ https://theblueboard.co/#weather:0
[  453468ms] [WARNING] The resource https://a.basemaps.cartocdn.com/dark_all/4/3/5.png was preloaded using link preload but not used within a few seconds from the window's load event. Please make sure it has an appropriate `as` value and it is preloaded intentionally. @ https://theblueboard.co/#weather:0
[  483472ms] [WARNING] The resource https://a.basemaps.cartocdn.com/dark_all/4/3/5.png was preloaded using link preload but not used within a few seconds from the window's load event. Please make sure it has an appropriate `as` value and it is preloaded intentionally. @ https://theblueboard.co/#weather:0
[  513470ms] [WARNING] The resource https://a.basemaps.cartocdn.com/dark_all/4/3/5.png was preloaded using link preload but not used within a few seconds from the window's load event. Please make sure it has an appropriate `as` value and it is preloaded intentionally. @ https://theblueboard.co/#weather:0
[  543466ms] [WARNING] The resource https://a.basemaps.cartocdn.com/dark_all/4/3/5.png was preloaded using link preload but not used within a few seconds from the window's load event. Please make sure it has an appropriate `as` value and it is preloaded intentionally. @ https://theblueboard.co/#weather:0
[  573480ms] [WARNING] The resource https://a.basemaps.cartocdn.com/dark_all/4/3/5.png was preloaded using link preload but not used within a few seconds from the window's load event. Please make sure it has an appropriate `as` value and it is preloaded intentionally. @ https://theblueboard.co/#weather:0
